TN:
SF:src/schemas/User.js
FNF:0
FNH:0
DA:1,1
DA:2,1
DA:3,1
DA:4,1
DA:5,1
DA:6,1
DA:7,1
DA:8,1
DA:9,1
LF:9
LH:9
BRF:0
BRH:0
end_of_record
TN:
SF:src/services/user-service.js
FN:4,createUser
FN:14,userExistsAndCheckPassword
FNF:2
FNH:2
FNDA:1,createUser
FNDA:1,userExistsAndCheckPassword
DA:1,1
DA:2,1
DA:3,1
DA:4,1
DA:5,1
DA:6,1
DA:7,1
DA:8,1
DA:9,1
DA:10,1
DA:11,1
DA:12,1
DA:13,1
DA:14,1
DA:15,1
DA:16,1
DA:17,1
DA:18,0
DA:19,0
DA:20,1
DA:21,1
DA:22,0
DA:23,0
DA:24,1
DA:25,1
DA:26,1
DA:27,1
DA:28,1
DA:29,1
LF:29
LH:25
BRDA:4,0,0,1
BRDA:14,1,0,1
BRDA:17,2,0,0
BRDA:21,3,0,0
BRF:4
BRH:2
end_of_record
